<?xml version="1.0" encoding="UTF-8"?>
<testng-results skipped="0" failed="0" ignored="0" total="1" passed="1">
  <reporter-output>
  </reporter-output>
  <suite name="Default suite" duration-ms="10999" started-at="2020-06-21T11:37:28Z" finished-at="2020-06-21T11:37:39Z">
    <groups>
    </groups>
    <test name="Default test" duration-ms="10999" started-at="2020-06-21T11:37:28Z" finished-at="2020-06-21T11:37:39Z">
      <class name="demo.ExtentReport">
        <test-method status="PASS" signature="extentConfig()[pri:0, instance:demo.ExtentReport@544fa968]" name="extentConfig" is-config="true" duration-ms="111" started-at="2020-06-21T11:37:28Z" finished-at="2020-06-21T11:37:28Z">
          <reporter-output>
          </reporter-output>
        </test-method> <!-- extentConfig -->
        <test-method status="PASS" signature="extentDemo()[pri:0, instance:demo.ExtentReport@544fa968]" name="extentDemo" duration-ms="10288" started-at="2020-06-21T11:37:28Z" finished-at="2020-06-21T11:37:39Z">
          <reporter-output>
          </reporter-output>
        </test-method> <!-- extentDemo -->
        <test-method status="PASS" signature="tearDown(org.testng.ITestResult)[pri:0, instance:demo.ExtentReport@544fa968]" name="tearDown" is-config="true" duration-ms="583" started-at="2020-06-21T11:37:39Z" finished-at="2020-06-21T11:37:39Z">
          <params>
            <param index="0">
              <value>
                <![CDATA[[TestResult name=extentDemo status=SUCCESS method=ExtentReport.extentDemo()[pri:0, instance:demo.ExtentReport@544fa968] output={null}]]]>
              </value>
            </param>
          </params>
          <reporter-output>
          </reporter-output>
        </test-method> <!-- tearDown -->
      </class> <!-- demo.ExtentReport -->
    </test> <!-- Default test -->
  </suite> <!-- Default suite -->
</testng-results>
